f:\vstudio_pro\learn\debug\vc142.pdb
f:\vstudio_pro\learn\debug\vc142.idb
f:\vstudio_pro\learn\debug\people.obj
f:\vstudio_pro\learn\debug\b.obj
f:\vstudio_pro\learn\debug\a.obj
f:\vstudio_pro\learn\debug\learn.ilk
f:\vstudio_pro\debug\learn.exe
f:\vstudio_pro\debug\learn.pdb
f:\wr\debug\learn.exe
f:\wr\learn\debug\learn.ilk
f:\wr\debug\learn.pdb
f:\wr\learn\debug\a.obj
f:\wr\learn\debug\b.obj
f:\wr\learn\debug\people.obj
f:\wr\learn\debug\vc142.idb
f:\wr\learn\debug\vc142.pdb
f:\wr\learn\debug\learn.tlog\cl.command.1.tlog
f:\wr\learn\debug\learn.tlog\cl.read.1.tlog
f:\wr\learn\debug\learn.tlog\cl.write.1.tlog
f:\wr\learn\debug\learn.tlog\link.command.1.tlog
f:\wr\learn\debug\learn.tlog\link.read.1.tlog
f:\wr\learn\debug\learn.tlog\link.write.1.tlog
